This is XeTeX, Version 3.141592653-2.6-0.999993 (TeX Live 2021/Arch Linux) (preloaded format=xelatex 2021.12.28)  25 JAN 2022 17:04
entering extended mode
 \write18 enabled.
 file:line:error style messages enabled.
 %&-line parsing enabled.
**report.tex
(./report.tex
LaTeX2e <2021-11-15> patch level 1
L3 programming layer <2021-11-22>
(/usr/share/texmf-dist/tex/latex/base/article.cls
Document Class: article 2021/10/04 v1.4n Standard LaTeX document class
(/usr/share/texmf-dist/tex/latex/base/size11.clo
File: size11.clo 2021/10/04 v1.4n Standard LaTeX file (size option)
)
\c@part=\count179
\c@section=\count180
\c@subsection=\count181
\c@subsubsection=\count182
\c@paragraph=\count183
\c@subparagraph=\count184
\c@figure=\count185
\c@table=\count186
\abovecaptionskip=\skip47
\belowcaptionskip=\skip48
\bibindent=\dimen138
)
(/usr/share/texmf-dist/tex/latex/graphics/graphicx.sty
Package: graphicx 2021/09/16 v1.2d Enhanced LaTeX Graphics (DPC,SPQR)

(/usr/share/texmf-dist/tex/latex/graphics/keyval.sty
Package: keyval 2014/10/28 v1.15 key=value parser (DPC)
\KV@toks@=\toks16
)
(/usr/share/texmf-dist/tex/latex/graphics/graphics.sty
Package: graphics 2021/03/04 v1.4d Standard LaTeX Graphics (DPC,SPQR)

(/usr/share/texmf-dist/tex/latex/graphics/trig.sty
Package: trig 2021/08/11 v1.11 sin cos tan (DPC)
)
(/usr/share/texmf-dist/tex/latex/graphics-cfg/graphics.cfg
File: graphics.cfg 2016/06/04 v1.11 sample graphics configuration
)
Package graphics Info: Driver file: xetex.def on input line 107.

(/usr/share/texmf-dist/tex/latex/graphics-def/xetex.def
File: xetex.def 2021/03/18 v5.0k Graphics/color driver for xetex
))
\Gin@req@height=\dimen139
\Gin@req@width=\dimen140
)
(/usr/share/texmf-dist/tex/latex/grffile/grffile.sty
Package: grffile 2019/11/11 v2.1 Extended file name support for graphics (legac
y)
Package grffile Info: This package is an empty stub for compatibility on input 
line 40.
)
(/usr/share/texmf-dist/tex/latex/tools/longtable.sty
Package: longtable 2021-09-01 v4.17 Multi-page Table package (DPC)
\LTleft=\skip49
\LTright=\skip50
\LTpre=\skip51
\LTpost=\skip52
\LTchunksize=\count187
\LTcapwidth=\dimen141
\LT@head=\box50
\LT@firsthead=\box51
\LT@foot=\box52
\LT@lastfoot=\box53
\LT@gbox=\box54
\LT@cols=\count188
\LT@rows=\count189
\c@LT@tables=\count190
\c@LT@chunks=\count191
\LT@p@ftn=\toks17
)
(/usr/share/texmf-dist/tex/latex/wrapfig/wrapfig.sty
\wrapoverhang=\dimen142
\WF@size=\dimen143
\c@WF@wrappedlines=\count192
\WF@box=\box55
\WF@everypar=\toks18
Package: wrapfig 2003/01/31  v 3.6
)
(/usr/share/texmf-dist/tex/latex/graphics/rotating.sty
Package: rotating 2016/08/11 v2.16d rotated objects in LaTeX

(/usr/share/texmf-dist/tex/latex/base/ifthen.sty
Package: ifthen 2020/11/24 v1.1c Standard LaTeX ifthen package (DPC)
)
\c@r@tfl@t=\count193
\rotFPtop=\skip53
\rotFPbot=\skip54
\rot@float@box=\box56
\rot@mess@toks=\toks19
)
(/usr/share/texmf-dist/tex/generic/ulem/ulem.sty
\UL@box=\box57
\UL@hyphenbox=\box58
\UL@skip=\skip55
\UL@hook=\toks20
\UL@height=\dimen144
\UL@pe=\count194
\UL@pixel=\dimen145
\ULC@box=\box59
Package: ulem 2019/11/18
\ULdepth=\dimen146
)
(/usr/share/texmf-dist/tex/latex/amsmath/amsmath.sty
Package: amsmath 2021/10/15 v2.17l AMS math features
\@mathmargin=\skip56

For additional information on amsmath, use the `?' option.
(/usr/share/texmf-dist/tex/latex/amsmath/amstext.sty
Package: amstext 2021/08/26 v2.01 AMS text

(/usr/share/texmf-dist/tex/latex/amsmath/amsgen.sty
File: amsgen.sty 1999/11/30 v2.0 generic functions
\@emptytoks=\toks21
\ex@=\dimen147
))
(/usr/share/texmf-dist/tex/latex/amsmath/amsbsy.sty
Package: amsbsy 1999/11/29 v1.2d Bold Symbols
\pmbraise@=\dimen148
)
(/usr/share/texmf-dist/tex/latex/amsmath/amsopn.sty
Package: amsopn 2021/08/26 v2.02 operator names
)
\inf@bad=\count195
LaTeX Info: Redefining \frac on input line 234.
\uproot@=\count196
\leftroot@=\count197
LaTeX Info: Redefining \overline on input line 399.
\classnum@=\count198
\DOTSCASE@=\count199
LaTeX Info: Redefining \ldots on input line 496.
LaTeX Info: Redefining \dots on input line 499.
LaTeX Info: Redefining \cdots on input line 620.
\Mathstrutbox@=\box60
\strutbox@=\box61
\big@size=\dimen149
LaTeX Font Info:    Redeclaring font encoding OML on input line 743.
LaTeX Font Info:    Redeclaring font encoding OMS on input line 744.
\macc@depth=\count266
\c@MaxMatrixCols=\count267
\dotsspace@=\muskip16
\c@parentequation=\count268
\dspbrk@lvl=\count269
\tag@help=\toks22
\row@=\count270
\column@=\count271
\maxfields@=\count272
\andhelp@=\toks23
\eqnshift@=\dimen150
\alignsep@=\dimen151
\tagshift@=\dimen152
\tagwidth@=\dimen153
\totwidth@=\dimen154
\lineht@=\dimen155
\@envbody=\toks24
\multlinegap=\skip57
\multlinetaggap=\skip58
\mathdisplay@stack=\toks25
LaTeX Info: Redefining \[ on input line 2938.
LaTeX Info: Redefining \] on input line 2939.
)
(/usr/share/texmf-dist/tex/latex/base/textcomp.sty
Package: textcomp 2020/02/02 v2.0n Standard LaTeX package
)
(/usr/share/texmf-dist/tex/latex/amsfonts/amssymb.sty
Package: amssymb 2013/01/14 v3.01 AMS font symbols

(/usr/share/texmf-dist/tex/latex/amsfonts/amsfonts.sty
Package: amsfonts 2013/01/14 v3.01 Basic AMSFonts support
\symAMSa=\mathgroup4
\symAMSb=\mathgroup5
LaTeX Font Info:    Redeclaring math symbol \hbar on input line 98.
LaTeX Font Info:    Overwriting math alphabet `\mathfrak' in version `bold'
(Font)                  U/euf/m/n --> U/euf/b/n on input line 106.
))
(/usr/share/texmf-dist/tex/latex/capt-of/capt-of.sty
Package: capt-of 2009/12/29 v0.2 standard captions outside of floats
)
(/usr/share/texmf-dist/tex/latex/hyperref/hyperref.sty
Package: hyperref 2021-06-07 v7.00m Hypertext links for LaTeX

(/usr/share/texmf-dist/tex/generic/ltxcmds/ltxcmds.sty
Package: ltxcmds 2020-05-10 v1.25 LaTeX kernel commands for general use (HO)
)
(/usr/share/texmf-dist/tex/generic/iftex/iftex.sty
Package: iftex 2020/03/06 v1.0d TeX engine tests
)
(/usr/share/texmf-dist/tex/generic/pdftexcmds/pdftexcmds.sty
Package: pdftexcmds 2020-06-27 v0.33 Utility functions of pdfTeX for LuaTeX (HO
)

(/usr/share/texmf-dist/tex/generic/infwarerr/infwarerr.sty
Package: infwarerr 2019/12/03 v1.5 Providing info/warning/error messages (HO)
)
Package pdftexcmds Info: \pdf@primitive is available.
Package pdftexcmds Info: \pdf@ifprimitive is available.
Package pdftexcmds Info: \pdfdraftmode not found.
)
(/usr/share/texmf-dist/tex/generic/kvsetkeys/kvsetkeys.sty
Package: kvsetkeys 2019/12/15 v1.18 Key value parser (HO)
)
(/usr/share/texmf-dist/tex/generic/kvdefinekeys/kvdefinekeys.sty
Package: kvdefinekeys 2019-12-19 v1.6 Define keys (HO)
)
(/usr/share/texmf-dist/tex/generic/pdfescape/pdfescape.sty
Package: pdfescape 2019/12/09 v1.15 Implements pdfTeX's escape features (HO)
)
(/usr/share/texmf-dist/tex/latex/hycolor/hycolor.sty
Package: hycolor 2020-01-27 v1.10 Color options for hyperref/bookmark (HO)
)
(/usr/share/texmf-dist/tex/latex/letltxmacro/letltxmacro.sty
Package: letltxmacro 2019/12/03 v1.6 Let assignment for LaTeX macros (HO)
)
(/usr/share/texmf-dist/tex/latex/auxhook/auxhook.sty
Package: auxhook 2019-12-17 v1.6 Hooks for auxiliary files (HO)
)
(/usr/share/texmf-dist/tex/latex/kvoptions/kvoptions.sty
Package: kvoptions 2020-10-07 v3.14 Key value format for package options (HO)
)
\@linkdim=\dimen156
\Hy@linkcounter=\count273
\Hy@pagecounter=\count274

(/usr/share/texmf-dist/tex/latex/hyperref/pd1enc.def
File: pd1enc.def 2021-06-07 v7.00m Hyperref: PDFDocEncoding definition (HO)
)
(/usr/share/texmf-dist/tex/latex/hyperref/hyperref-langpatches.def
File: hyperref-langpatches.def 2021-06-07 v7.00m Hyperref: patches for babel la
nguages
)
(/usr/share/texmf-dist/tex/generic/intcalc/intcalc.sty
Package: intcalc 2019/12/15 v1.3 Expandable calculations with integers (HO)
)
(/usr/share/texmf-dist/tex/generic/etexcmds/etexcmds.sty
Package: etexcmds 2019/12/15 v1.7 Avoid name clashes with e-TeX commands (HO)
)
\Hy@SavedSpaceFactor=\count275

(/usr/share/texmf-dist/tex/latex/hyperref/puenc.def
File: puenc.def 2021-06-07 v7.00m Hyperref: PDF Unicode definition (HO)
)
Package hyperref Info: Hyper figures OFF on input line 4192.
Package hyperref Info: Link nesting OFF on input line 4197.
Package hyperref Info: Hyper index ON on input line 4200.
Package hyperref Info: Plain pages OFF on input line 4207.
Package hyperref Info: Backreferencing OFF on input line 4212.
Package hyperref Info: Implicit mode ON; LaTeX internals redefined.
Package hyperref Info: Bookmarks ON on input line 4445.
\c@Hy@tempcnt=\count276

(/usr/share/texmf-dist/tex/latex/url/url.sty
\Urlmuskip=\muskip17
Package: url 2013/09/16  ver 3.4  Verb mode for urls, etc.
)
LaTeX Info: Redefining \url on input line 4804.
\XeTeXLinkMargin=\dimen157

(/usr/share/texmf-dist/tex/generic/bitset/bitset.sty
Package: bitset 2019/12/09 v1.3 Handle bit-vector datatype (HO)

(/usr/share/texmf-dist/tex/generic/bigintcalc/bigintcalc.sty
Package: bigintcalc 2019/12/15 v1.5 Expandable calculations on big integers (HO
)
))
\Fld@menulength=\count277
\Field@Width=\dimen158
\Fld@charsize=\dimen159
Package hyperref Info: Hyper figures OFF on input line 6076.
Package hyperref Info: Link nesting OFF on input line 6081.
Package hyperref Info: Hyper index ON on input line 6084.
Package hyperref Info: backreferencing OFF on input line 6091.
Package hyperref Info: Link coloring OFF on input line 6096.
Package hyperref Info: Link coloring with OCG OFF on input line 6101.
Package hyperref Info: PDF/A mode OFF on input line 6106.
LaTeX Info: Redefining \ref on input line 6146.
LaTeX Info: Redefining \pageref on input line 6150.

(/usr/share/texmf-dist/tex/latex/base/atbegshi-ltx.sty
Package: atbegshi-ltx 2021/01/10 v1.0c Emulation of the original atbegshi
package with kernel methods
)
\Hy@abspage=\count278
\c@Item=\count279
\c@Hfootnote=\count280
)
Package hyperref Info: Driver (autodetected): hxetex.

(/usr/share/texmf-dist/tex/latex/hyperref/hxetex.def
File: hxetex.def 2021-06-07 v7.00m Hyperref driver for XeTeX

(/usr/share/texmf-dist/tex/generic/stringenc/stringenc.sty
Package: stringenc 2019/11/29 v1.12 Convert strings between diff. encodings (HO
)
)
\pdfm@box=\box62
\c@Hy@AnnotLevel=\count281
\HyField@AnnotCount=\count282
\Fld@listcount=\count283
\c@bookmark@seq@number=\count284

(/usr/share/texmf-dist/tex/latex/rerunfilecheck/rerunfilecheck.sty
Package: rerunfilecheck 2019/12/05 v1.9 Rerun checks for auxiliary files (HO)

(/usr/share/texmf-dist/tex/latex/base/atveryend-ltx.sty
Package: atveryend-ltx 2020/08/19 v1.0a Emulation of the original atveryend pac
kage
with kernel methods
)
(/usr/share/texmf-dist/tex/generic/uniquecounter/uniquecounter.sty
Package: uniquecounter 2019/12/15 v1.4 Provide unlimited unique counter (HO)
)
Package uniquecounter Info: New unique counter `rerunfilecheck' on input line 2
86.
)
\Hy@SectionHShift=\skip59
)
(/usr/share/texmf-dist/tex/latex/abntex2/abntex2cite.sty
Package: abntex2cite 2018/11/24 v-1.9.7 abnTeX2

(/usr/share/texmf-dist/tex/latex/tools/calc.sty
Package: calc 2017/05/25 v4.3 Infix arithmetic (KKT,FJ)
\calc@Acount=\count285
\calc@Bcount=\count286
\calc@Adimen=\dimen160
\calc@Bdimen=\dimen161
\calc@Askip=\skip60
\calc@Bskip=\skip61
LaTeX Info: Redefining \setlength on input line 80.
LaTeX Info: Redefining \addtolength on input line 81.
\calc@Ccount=\count287
\calc@Cskip=\skip62
)
(/usr/share/texmf-dist/tex/latex/abntex2/abntex2abrev.sty)
(/usr/share/texmf-dist/tex/latex/setspace/setspace.sty
Package: setspace 2011/12/19 v6.7a set line spacing
)
\minimumbiblabelwidth=\skip63
\ABCIauxlen=\skip64
\c@ABCIaux=\count288
\c@ABCImax=\count289

(/usr/share/texmf-dist/tex/generic/iftex/ifpdf.sty
Package: ifpdf 2019/10/25 v3.4 ifpdf legacy package. Use iftex instead.
)
(/usr/share/texmf-dist/tex/generic/iftex/ifxetex.sty
Package: ifxetex 2019/10/25 v0.7 ifxetex legacy package. Use iftex instead.
)
(/usr/share/texmf-dist/tex/latex/relsize/relsize.sty
Package: relsize 2013/03/29 ver 4.1
)
\biblabelsep=\skip65
LaTeX Info: Redefining \newblock on input line 591.
LaTeX Info: Redefining \cite on input line 862.
\ABCItoken=\toks26
)
(/usr/share/texmf-dist/tex/latex/base/fontenc.sty
Package: fontenc 2021/04/29 v2.0v Standard LaTeX package
LaTeX Font Info:    Trying to load font information for T1+lmr on input line 11
2.

(/usr/share/texmf-dist/tex/latex/lm/t1lmr.fd
File: t1lmr.fd 2015/05/01 v1.6.1 Font defs for Latin Modern
))
(/usr/share/texmf-dist/tex/latex/base/inputenc.sty
Package: inputenc 2021/02/14 v1.3d Input encoding file
\inpenc@prehook=\toks27
\inpenc@posthook=\toks28


Package inputenc Warning: inputenc package ignored with utf8 based engines.

) (/usr/share/texmf-dist/tex/latex/microtype/microtype.sty
Package: microtype 2021/12/10 v3.0b Micro-typographical refinements (RS)

(/usr/share/texmf-dist/tex/latex/etoolbox/etoolbox.sty
Package: etoolbox 2020/10/05 v2.5k e-TeX tools for LaTeX (JAW)
\etb@tempcnta=\count290
)
\MT@toks=\toks29
\MT@count=\count291
\MT@tempbox=\box63
LaTeX Info: Redefining \leftprotrusion on input line 1010.
LaTeX Info: Redefining \rightprotrusion on input line 1018.
LaTeX Info: Redefining \textls on input line 1173.
\MT@outer@kern=\dimen162
LaTeX Info: Redefining \textmicrotypecontext on input line 1759.
\MT@listname@count=\count292

(/usr/share/texmf-dist/tex/latex/microtype/microtype-xetex.def
File: microtype-xetex.def 2021/12/10 v3.0b Definitions specific to xetex (RS)
LaTeX Info: Redefining \lsstyle on input line 234.
)
Package microtype Info: Loading configuration file microtype.cfg.

(/usr/share/texmf-dist/tex/latex/microtype/microtype.cfg
File: microtype.cfg 2021/12/10 v3.0b microtype main configuration file (RS)
))
(/usr/share/texmf-dist/tex/xelatex/xltxtra/xltxtra.sty
Package: xltxtra 2018/12/31 v0.7 Improvements for the "XeLaTeX" format

(/usr/share/texmf-dist/tex/generic/iftex/ifluatex.sty
Package: ifluatex 2019/10/25 v1.5 ifluatex legacy package. Use iftex instead.
)
(/usr/share/texmf-dist/tex/latex/fontspec/fontspec.sty
(/usr/share/texmf-dist/tex/latex/l3packages/xparse/xparse.sty
(/usr/share/texmf-dist/tex/latex/l3kernel/expl3.sty
Package: expl3 2021-11-22 L3 programming layer (loader) 

(/usr/share/texmf-dist/tex/latex/l3backend/l3backend-xetex.def
File: l3backend-xetex.def 2021-12-14 L3 backend support: XeTeX

(|extractbb --version)
\c__kernel_sys_dvipdfmx_version_int=\count293
\l__color_backend_stack_int=\count294
\g__color_backend_stack_int=\count295
\g__graphics_track_int=\count296
\l__pdf_internal_box=\box64
\g__pdf_backend_object_int=\count297
\g__pdf_backend_annotation_int=\count298
\g__pdf_backend_link_int=\count299
))
Package: xparse 2021-11-12 L3 Experimental document command parser
)
Package: fontspec 2020/02/21 v2.7i Font selection for XeLaTeX and LuaLaTeX

(/usr/share/texmf-dist/tex/latex/fontspec/fontspec-xetex.sty
Package: fontspec-xetex 2020/02/21 v2.7i Font selection for XeLaTeX and LuaLaTe
X
\l__fontspec_script_int=\count300
\l__fontspec_language_int=\count301
\l__fontspec_strnum_int=\count302
\l__fontspec_tmp_int=\count303
\l__fontspec_tmpa_int=\count304
\l__fontspec_tmpb_int=\count305
\l__fontspec_tmpc_int=\count306
\l__fontspec_em_int=\count307
\l__fontspec_emdef_int=\count308
\l__fontspec_strong_int=\count309
\l__fontspec_strongdef_int=\count310
\l__fontspec_tmpa_dim=\dimen163
\l__fontspec_tmpb_dim=\dimen164
\l__fontspec_tmpc_dim=\dimen165

(/usr/share/texmf-dist/tex/latex/base/fontenc.sty
Package: fontenc 2021/04/29 v2.0v Standard LaTeX package
)
(/usr/share/texmf-dist/tex/latex/fontspec/fontspec.cfg)))
(/usr/share/texmf-dist/tex/latex/realscripts/realscripts.sty
Package: realscripts 2016/02/13 v0.3d Access OpenType subscripts and superscrip
ts
\subsupersep=\dimen166
)
(/usr/share/texmf-dist/tex/latex/metalogo/metalogo.sty
Package: metalogo 2010/05/29 v0.12 Extended TeX logo macros
\xl@everylogo=\toks30
\xl@@everylogo=\toks31
LaTeX Info: Redefining \TeX on input line 193.
LaTeX Info: Redefining \LaTeX on input line 202.
LaTeX Info: Redefining \LaTeXe on input line 219.
)
\l__xetex_show_hyphens_wrapping_box=\box65
\l__xetex_show_hyphens_temp_box=\box66
\l__xetex_show_hyphens_final_box=\box67
\g__xetex_show_hyphens_word_box=\box68
)

Package fontspec Info: Could not resolve font "Noto Serif CJK TC/I" (it
(fontspec)             probably doesn't exist).


Package fontspec Info: Font family 'NotoSerifCJKTC(0)' created for font 'Noto
(fontspec)             Serif CJK TC' with options [Mapping=tex-text].
(fontspec)              
(fontspec)              This font family consists of the following NFSS
(fontspec)             series/shapes:
(fontspec)              
(fontspec)             - 'normal' (m/n) with NFSS spec.: <->"Noto Serif CJK
(fontspec)             TC/OT:script=latn;language=dflt;mapping=tex-text;"
(fontspec)             - 'small caps'  (m/sc) with NFSS spec.: 
(fontspec)             - 'bold' (b/n) with NFSS spec.: <->"Noto Serif CJK
(fontspec)             TC/B/OT:script=latn;language=dflt;mapping=tex-text;"
(fontspec)             - 'bold small caps'  (b/sc) with NFSS spec.: 
(fontspec)             - 'bold italic' (b/it) with NFSS spec.: <->"Noto Serif
(fontspec)             CJK
(fontspec)             TC/BI/OT:script=latn;language=dflt;mapping=tex-text;"
(fontspec)             - 'bold italic small caps'  (b/scit) with NFSS spec.: 


(/usr/share/texmf-dist/tex/latex/xcolor/xcolor.sty
Package: xcolor 2021/10/31 v2.13 LaTeX color extensions (UK)

(/usr/share/texmf-dist/tex/latex/graphics-cfg/color.cfg
File: color.cfg 2016/01/02 v1.6 sample color configuration
)
Package xcolor Info: Driver file: xetex.def on input line 227.
Package xcolor Info: Model `cmy' substituted by `cmy0' on input line 1352.
Package xcolor Info: Model `RGB' extended on input line 1368.
Package xcolor Info: Model `HTML' substituted by `rgb' on input line 1370.
Package xcolor Info: Model `Hsb' substituted by `hsb' on input line 1371.
Package xcolor Info: Model `tHsb' substituted by `hsb' on input line 1372.
Package xcolor Info: Model `HSB' substituted by `hsb' on input line 1373.
Package xcolor Info: Model `Gray' substituted by `gray' on input line 1374.
Package xcolor Info: Model `wave' substituted by `hsb' on input line 1375.
)
(/usr/share/texmf-dist/tex/latex/minted/minted.sty
Package: minted 2021/12/24 v2.6 Yet another Pygments shim for LaTeX

(/usr/share/texmf-dist/tex/latex/fvextra/fvextra.sty
Package: fvextra 2019/02/04 v1.4 fvextra - extensions and patches for fancyvrb

(/usr/share/texmf-dist/tex/latex/fancyvrb/fancyvrb.sty
Package: fancyvrb 2021/12/21 4.1b verbatim text (tvz,hv)
\FV@CodeLineNo=\count311
\FV@InFile=\read2
\FV@TabBox=\box69
\c@FancyVerbLine=\count312
\FV@StepNumber=\count313
\FV@OutFile=\write3
)
(/usr/share/texmf-dist/tex/latex/upquote/upquote.sty
Package: upquote 2012/04/19 v1.3 upright-quote and grave-accent glyphs in verba
tim
)
(/usr/share/texmf-dist/tex/latex/lineno/lineno.sty
Package: lineno 2005/11/02 line numbers on paragraphs v4.41
Invalid UTF-8 byte or sequence at line 296 replaced by U+FFFD.
\linenopenalty=\count314
\output=\toks32
\linenoprevgraf=\count315
\linenumbersep=\dimen167
\linenumberwidth=\dimen168
\c@linenumber=\count316
\c@pagewiselinenumber=\count317
\c@LN@truepage=\count318
\c@internallinenumber=\count319
\c@internallinenumbers=\count320
\quotelinenumbersep=\dimen169
\bframerule=\dimen170
\bframesep=\dimen171
\bframebox=\box70
LaTeX Info: Redefining \\ on input line 3056.
)
\c@FV@TrueTabGroupLevel=\count321
\c@FV@TrueTabCounter=\count322
\FV@TabBox@Group=\box71
\FV@TmpLength=\skip66
\c@FV@HighlightLinesStart=\count323
\c@FV@HighlightLinesStop=\count324
\FV@LoopCount=\count325
\FV@NCharsBox=\box72
\FV@BreakIndent=\dimen172
\FV@BreakIndentNChars=\count326
\FV@BreakSymbolSepLeft=\dimen173
\FV@BreakSymbolSepLeftNChars=\count327
\FV@BreakSymbolSepRight=\dimen174
\FV@BreakSymbolSepRightNChars=\count328
\FV@BreakSymbolIndentLeft=\dimen175
\FV@BreakSymbolIndentLeftNChars=\count329
\FV@BreakSymbolIndentRight=\dimen176
\FV@BreakSymbolIndentRightNChars=\count330
\c@FancyVerbLineBreakLast=\count331
\FV@LineBox=\box73
\FV@LineIndentBox=\box74
\FV@LineWidth=\dimen177
)
(/usr/share/texmf-dist/tex/latex/tools/shellesc.sty
Package: shellesc 2019/11/08 v1.0c unified shell escape interface for LaTeX
Package shellesc Info: Unrestricted shell escape enabled on input line 75.
)
(/usr/share/texmf-dist/tex/latex/ifplatform/ifplatform.sty
Package: ifplatform 2017/10/13 v0.4a Testing for the operating system

(/usr/share/texmf-dist/tex/generic/catchfile/catchfile.sty
Package: catchfile 2019/12/09 v1.8 Catch the contents of a file (HO)
)
runsystem(uname -s > "report.w18")...executed.

 (./report.w18)
runsystem(rm -- "report.w18")...executed.

)
(/usr/share/texmf-dist/tex/generic/xstring/xstring.sty
(/usr/share/texmf-dist/tex/generic/xstring/xstring.tex
\integerpart=\count332
\decimalpart=\count333
)
Package: xstring 2021/07/21 v1.84 String manipulations (CT)
)
(/usr/share/texmf-dist/tex/latex/framed/framed.sty
Package: framed 2011/10/22 v 0.96: framed or shaded text with page breaks
\OuterFrameSep=\skip67
\fb@frw=\dimen178
\fb@frh=\dimen179
\FrameRule=\dimen180
\FrameSep=\dimen181
)
(/usr/share/texmf-dist/tex/latex/float/float.sty
Package: float 2001/11/08 v1.3d Float enhancements (AL)
\c@float@type=\count334
\float@exts=\toks33
\float@box=\box75
\@float@everytoks=\toks34
\@floatcapt=\box76
)
\minted@appexistsfile=\read3
\minted@bgbox=\box77
\minted@code=\write4
\c@minted@FancyVerbLineTemp=\count335
\c@minted@pygmentizecounter=\count336
\@float@every@listing=\toks35
\c@listing=\count337
)
runsystem(mkdir -p _minted-report)...executed.

Package hyperref Info: Option `colorlinks' set `true' on input line 27.
Package hyperref Info: Option `colorlinks' set `true' on input line 27.

(/usr/share/texmf-dist/tex/latex/newunicodechar/newunicodechar.sty
Package: newunicodechar 2018/04/08 v1.2 Defining Unicode characters
)

Package hyperref Warning: Token not allowed in a PDF string (Unicode):
(hyperref)                removing `\ch' on input line 41.

runsystem(which pygmentize && touch report.aex)...executed.

runsystem(rm report.aex)...executed.

(./report.aux)
\openout1 = `report.aux'.

LaTeX Font Info:    Checking defaults for OML/cmm/m/it on input line 43.
LaTeX Font Info:    ... okay on input line 43.
LaTeX Font Info:    Checking defaults for OMS/cmsy/m/n on input line 43.
LaTeX Font Info:    ... okay on input line 43.
LaTeX Font Info:    Checking defaults for OT1/cmr/m/n on input line 43.
LaTeX Font Info:    ... okay on input line 43.
LaTeX Font Info:    Checking defaults for T1/cmr/m/n on input line 43.
LaTeX Font Info:    ... okay on input line 43.
LaTeX Font Info:    Checking defaults for TS1/cmr/m/n on input line 43.
LaTeX Font Info:    Trying to load font information for TS1+cmr on input line 4
3.
 (/usr/share/texmf-dist/tex/latex/base/ts1cmr.fd
File: ts1cmr.fd 2019/12/16 v2.5j Standard LaTeX font definitions
)
LaTeX Font Info:    ... okay on input line 43.
LaTeX Font Info:    Checking defaults for TU/lmr/m/n on input line 43.
LaTeX Font Info:    ... okay on input line 43.
LaTeX Font Info:    Checking defaults for OMX/cmex/m/n on input line 43.
LaTeX Font Info:    ... okay on input line 43.
LaTeX Font Info:    Checking defaults for U/cmr/m/n on input line 43.
LaTeX Font Info:    ... okay on input line 43.
LaTeX Font Info:    Checking defaults for PD1/pdf/m/n on input line 43.
LaTeX Font Info:    ... okay on input line 43.
LaTeX Font Info:    Checking defaults for PU/pdf/m/n on input line 43.
LaTeX Font Info:    ... okay on input line 43.
Package hyperref Info: Link coloring ON on input line 43.

(/usr/share/texmf-dist/tex/latex/hyperref/nameref.sty
Package: nameref 2021-04-02 v2.47 Cross-referencing by name of section

(/usr/share/texmf-dist/tex/latex/refcount/refcount.sty
Package: refcount 2019/12/15 v3.6 Data extraction from label references (HO)
)
(/usr/share/texmf-dist/tex/generic/gettitlestring/gettitlestring.sty
Package: gettitlestring 2019/12/15 v1.6 Cleanup title references (HO)
)
\c@section@level=\count338
)
LaTeX Info: Redefining \ref on input line 43.
LaTeX Info: Redefining \pageref on input line 43.
LaTeX Info: Redefining \nameref on input line 43.

(./report.out
./report.out:44: Undefined control sequence.
l.44 \BOOKMAR
             
The control sequence at the end of the top line
of your error message was never \def'ed. If you have
misspelled it (e.g., `\hobx'), type `I' and the correct
spelling (e.g., `I\hbox'). Otherwise just continue,
and I'll forget about whatever was undefined.

) (./report.out
./report.out:44: Undefined control sequence.
l.44 \BOOKMAR
             
The control sequence at the end of the top line
of your error message was never \def'ed. If you have
misspelled it (e.g., `\hobx'), type `I' and the correct
spelling (e.g., `I\hbox'). Otherwise just continue,
and I'll forget about whatever was undefined.

)
\@outlinefile=\write5
\openout5 = `report.out'.

LaTeX Info: Redefining \microtypecontext on input line 43.
Package microtype Info: Applying patch `item' on input line 43.
Package microtype Info: Applying patch `toc' on input line 43.
Package microtype Info: Applying patch `eqnum' on input line 43.


Package microtype Warning: Unable to apply patch `footnote' on input line 43.

Package microtype Info: Character protrusion enabled (level 2).
Package microtype Info: Using default protrusion set `alltext'.
Package microtype Info: No adjustment of tracking.
Package microtype Info: No adjustment of spacing.
Package microtype Info: No adjustment of kerning.
(/usr/share/texmf-dist/tex/latex/microtype/mt-cmr.cfg
File: mt-cmr.cfg 2013/05/19 v2.2 microtype config. file: Computer Modern Roman 
(RS)
)
Package microtype Info: Loading generic protrusion settings for font family
(microtype)             `lmr' (encoding: TU).
(microtype)             For optimal results, create family-specific settings.
(microtype)             See the microtype manual for details.

Package fontspec Info: Adjusting the maths setup (use [no-math] to avoid
(fontspec)             this).

\symlegacymaths=\mathgroup6
LaTeX Font Info:    Overwriting symbol font `legacymaths' in version `bold'
(Font)                  OT1/cmr/m/n --> OT1/cmr/bx/n on input line 43.
LaTeX Font Info:    Redeclaring math accent \acute on input line 43.
LaTeX Font Info:    Redeclaring math accent \grave on input line 43.
LaTeX Font Info:    Redeclaring math accent \ddot on input line 43.
LaTeX Font Info:    Redeclaring math accent \tilde on input line 43.
LaTeX Font Info:    Redeclaring math accent \bar on input line 43.
LaTeX Font Info:    Redeclaring math accent \breve on input line 43.
LaTeX Font Info:    Redeclaring math accent \check on input line 43.
LaTeX Font Info:    Redeclaring math accent \hat on input line 43.
LaTeX Font Info:    Redeclaring math accent \dot on input line 43.
LaTeX Font Info:    Redeclaring math accent \mathring on input line 43.
LaTeX Font Info:    Redeclaring math symbol \Gamma on input line 43.
LaTeX Font Info:    Redeclaring math symbol \Delta on input line 43.
LaTeX Font Info:    Redeclaring math symbol \Theta on input line 43.
LaTeX Font Info:    Redeclaring math symbol \Lambda on input line 43.
LaTeX Font Info:    Redeclaring math symbol \Xi on input line 43.
LaTeX Font Info:    Redeclaring math symbol \Pi on input line 43.
LaTeX Font Info:    Redeclaring math symbol \Sigma on input line 43.
LaTeX Font Info:    Redeclaring math symbol \Upsilon on input line 43.
LaTeX Font Info:    Redeclaring math symbol \Phi on input line 43.
LaTeX Font Info:    Redeclaring math symbol \Psi on input line 43.
LaTeX Font Info:    Redeclaring math symbol \Omega on input line 43.
LaTeX Font Info:    Redeclaring math symbol \mathdollar on input line 43.
LaTeX Font Info:    Redeclaring symbol font `operators' on input line 43.
LaTeX Font Info:    Encoding `OT1' has changed to `TU' for symbol font
(Font)              `operators' in the math version `normal' on input line 43.
LaTeX Font Info:    Overwriting symbol font `operators' in version `normal'
(Font)                  OT1/cmr/m/n --> TU/lmr/m/n on input line 43.
LaTeX Font Info:    Encoding `OT1' has changed to `TU' for symbol font
(Font)              `operators' in the math version `bold' on input line 43.
LaTeX Font Info:    Overwriting symbol font `operators' in version `bold'
(Font)                  OT1/cmr/bx/n --> TU/lmr/m/n on input line 43.
LaTeX Font Info:    Overwriting symbol font `operators' in version `normal'
(Font)                  TU/lmr/m/n --> TU/lmr/m/n on input line 43.
LaTeX Font Info:    Overwriting math alphabet `\mathit' in version `normal'
(Font)                  OT1/cmr/m/it --> TU/lmr/m/it on input line 43.
LaTeX Font Info:    Overwriting math alphabet `\mathbf' in version `normal'
(Font)                  OT1/cmr/bx/n --> TU/lmr/b/n on input line 43.
LaTeX Font Info:    Overwriting math alphabet `\mathsf' in version `normal'
(Font)                  OT1/cmss/m/n --> TU/lmss/m/n on input line 43.
LaTeX Font Info:    Overwriting math alphabet `\mathtt' in version `normal'
(Font)                  OT1/cmtt/m/n --> TU/lmtt/m/n on input line 43.
LaTeX Font Info:    Overwriting symbol font `operators' in version `bold'
(Font)                  TU/lmr/m/n --> TU/lmr/b/n on input line 43.
LaTeX Font Info:    Overwriting math alphabet `\mathit' in version `bold'
(Font)                  OT1/cmr/bx/it --> TU/lmr/b/it on input line 43.
LaTeX Font Info:    Overwriting math alphabet `\mathsf' in version `bold'
(Font)                  OT1/cmss/bx/n --> TU/lmss/b/n on input line 43.
LaTeX Font Info:    Overwriting math alphabet `\mathtt' in version `bold'
(Font)                  OT1/cmtt/m/n --> TU/lmtt/b/n on input line 43.
LaTeX Font Info:    Trying to load font information for U+msa on input line 46.


(/usr/share/texmf-dist/tex/latex/amsfonts/umsa.fd
File: umsa.fd 2013/01/14 v3.01 AMS symbols A
)
(/usr/share/texmf-dist/tex/latex/microtype/mt-msa.cfg
File: mt-msa.cfg 2006/02/04 v1.1 microtype config. file: AMS symbols (a) (RS)
)
LaTeX Font Info:    Trying to load font information for U+msb on input line 46.


(/usr/share/texmf-dist/tex/latex/amsfonts/umsb.fd
File: umsb.fd 2013/01/14 v3.01 AMS symbols B
)
(/usr/share/texmf-dist/tex/latex/microtype/mt-msb.cfg
File: mt-msb.cfg 2005/06/01 v1.0 microtype config. file: AMS symbols (b) (RS)
)
Package microtype Info: Loading generic protrusion settings for font family
(microtype)             `NotoSerifCJKTC' (encoding: TU).
(microtype)             For optimal results, create family-specific settings.
(microtype)             See the microtype manual for details.
 (./report.toc)
\tf@toc=\write6
\openout6 = `report.toc'.

 [1

]
Overfull \hbox (129.18875pt too wide) in paragraph at lines 55--69
 [] 
 []


LaTeX Warning: Citation `kerner1993' on page 2 undefined on input line 86.

Package microtype Info: Loading generic protrusion settings for font family
(microtype)             `lmtt' (encoding: TU).
(microtype)             For optimal results, create family-specific settings.
(microtype)             See the microtype manual for details.

LaTeX Warning: Citation `press1986numerical' on page 2 undefined on input line 
98.


LaTeX Warning: Citation `zubov2021neuralpde' on page 2 undefined on input line 
99.


Overfull \hbox (7.92433pt too wide) in paragraph at lines 97--100
\TU/lmr/m/n/10.95 Neumman) (\TU/lmr/bx/n/10.95 ??\TU/lmr/m/n/10.95 ), Forward m
ethods, and \TU/lmtt/m/n/10.95 Physics Informed Neural Network
 []

[2

]

LaTeX Warning: Citation `john1978partial' on page 3 undefined on input line 118
.


LaTeX Warning: Citation `brauer1989qualitative' on page 3 undefined on input li
ne 142.

[3]

LaTeX Warning: Citation `kerner1993' on page 4 undefined on input line 182.


LaTeX Warning: Citation `tremblay2017phy' on page 4 undefined on input line 185
.


LaTeX Warning: Citation `smith1930rhind' on page 4 undefined on input line 195.


[4]
Overfull \hbox (8.36455pt too wide) in paragraph at lines 225--229
\TU/lmtt/m/n/10.95 Elliptic\TU/lmr/m/n/10.95 . Also, equations can be mixed, e.
g., \TU/lmtt/m/n/10.95 Mixed Parabolic-Hyperbolic\TU/lmr/m/n/10.95 ,
 []


LaTeX Warning: Citation `john1978partial' on page 5 undefined on input line 235
.


LaTeX Warning: Citation `evans1998partial' on page 5 undefined on input line 25
8.

[5]

LaTeX Warning: Citation `kerner1993' on page 6 undefined on input line 272.


LaTeX Warning: Citation `john1978partial' on page 6 undefined on input line 273
.


LaTeX Warning: Citation `kerner1993' on page 6 undefined on input line 273.


LaTeX Warning: Citation `john1978partial' on page 6 undefined on input line 292
.


LaTeX Warning: Citation `john1978partial' on page 6 undefined on input line 333
.

[6]

LaTeX Warning: Citation `zubov2021neuralpde' on page 7 undefined on input line 
375.

[7]

LaTeX Warning: Citation `raissi2019physics' on page 8 undefined on input line 3
79.

\openout3 = `report.pyg'.

(./_minted-report/monokai.pygstyle)
(./_minted-report/3E9B72D020D8D8B8A99CA65567C4DAF820A55A078FE60747B5711EDBFCC77
17E.pygtex)
Missing character: There is no ├ (U+251C) in font [lmroman10-regular]:mapping=t
ex-text;!
Missing character: There is no ─ (U+2500) in font [lmroman10-regular]:mapping=t
ex-text;!
Missing character: There is no ─ (U+2500) in font [lmroman10-regular]:mapping=t
ex-text;!
Missing character: There is no │ (U+2502) in font [lmroman10-regular]:mapping=t
ex-text;!
Missing character: There is no ├ (U+251C) in font [lmroman10-regular]:mapping=t
ex-text;!
Missing character: There is no ─ (U+2500) in font [lmroman10-regular]:mapping=t
ex-text;!
Missing character: There is no ─ (U+2500) in font [lmroman10-regular]:mapping=t
ex-text;!
Missing character: There is no │ (U+2502) in font [lmroman10-regular]:mapping=t
ex-text;!
Missing character: There is no │ (U+2502) in font [lmroman10-regular]:mapping=t
ex-text;!
Missing character: There is no └ (U+2514) in font [lmroman10-regular]:mapping=t
ex-text;!
Missing character: There is no ─ (U+2500) in font [lmroman10-regular]:mapping=t
ex-text;!
Missing character: There is no ─ (U+2500) in font [lmroman10-regular]:mapping=t
ex-text;!
Missing character: There is no │ (U+2502) in font [lmroman10-regular]:mapping=t
ex-text;!
Missing character: There is no ├ (U+251C) in font [lmroman10-regular]:mapping=t
ex-text;!
Missing character: There is no ─ (U+2500) in font [lmroman10-regular]:mapping=t
ex-text;!
Missing character: There is no ─ (U+2500) in font [lmroman10-regular]:mapping=t
ex-text;!
Missing character: There is no │ (U+2502) in font [lmroman10-regular]:mapping=t
ex-text;!
Missing character: There is no └ (U+2514) in font [lmroman10-regular]:mapping=t
ex-text;!
Missing character: There is no ─ (U+2500) in font [lmroman10-regular]:mapping=t
ex-text;!
Missing character: There is no ─ (U+2500) in font [lmroman10-regular]:mapping=t
ex-text;!
Missing character: There is no ├ (U+251C) in font [lmroman10-regular]:mapping=t
ex-text;!
Missing character: There is no ─ (U+2500) in font [lmroman10-regular]:mapping=t
ex-text;!
Missing character: There is no ─ (U+2500) in font [lmroman10-regular]:mapping=t
ex-text;!
Missing character: There is no ├ (U+251C) in font [lmroman10-regular]:mapping=t
ex-text;!
Missing character: There is no ─ (U+2500) in font [lmroman10-regular]:mapping=t
ex-text;!
Missing character: There is no ─ (U+2500) in font [lmroman10-regular]:mapping=t
ex-text;!
Missing character: There is no │ (U+2502) in font [lmroman10-regular]:mapping=t
ex-text;!
Missing character: There is no ├ (U+251C) in font [lmroman10-regular]:mapping=t
ex-text;!
Missing character: There is no ─ (U+2500) in font [lmroman10-regular]:mapping=t
ex-text;!
Missing character: There is no ─ (U+2500) in font [lmroman10-regular]:mapping=t
ex-text;!
Missing character: There is no │ (U+2502) in font [lmroman10-regular]:mapping=t
ex-text;!
Missing character: There is no ├ (U+251C) in font [lmroman10-regular]:mapping=t
ex-text;!
Missing character: There is no ─ (U+2500) in font [lmroman10-regular]:mapping=t
ex-text;!
Missing character: There is no ─ (U+2500) in font [lmroman10-regular]:mapping=t
ex-text;!
Missing character: There is no │ (U+2502) in font [lmroman10-regular]:mapping=t
ex-text;!
Missing character: There is no ├ (U+251C) in font [lmroman10-regular]:mapping=t
ex-text;!
Missing character: There is no ─ (U+2500) in font [lmroman10-regular]:mapping=t
ex-text;!
Missing character: There is no ─ (U+2500) in font [lmroman10-regular]:mapping=t
ex-text;!
Missing character: There is no │ (U+2502) in font [lmroman10-regular]:mapping=t
ex-text;!
Missing character: There is no ├ (U+251C) in font [lmroman10-regular]:mapping=t
ex-text;!
Missing character: There is no ─ (U+2500) in font [lmroman10-regular]:mapping=t
ex-text;!
Missing character: There is no ─ (U+2500) in font [lmroman10-regular]:mapping=t
ex-text;!
Missing character: There is no │ (U+2502) in font [lmroman10-regular]:mapping=t
ex-text;!
Missing character: There is no │ (U+2502) in font [lmroman10-regular]:mapping=t
ex-text;!
Missing character: There is no └ (U+2514) in font [lmroman10-regular]:mapping=t
ex-text;!
Missing character: There is no ─ (U+2500) in font [lmroman10-regular]:mapping=t
ex-text;!
Missing character: There is no ─ (U+2500) in font [lmroman10-regular]:mapping=t
ex-text;!
Missing character: There is no │ (U+2502) in font [lmroman10-regular]:mapping=t
ex-text;!
Missing character: There is no ├ (U+251C) in font [lmroman10-regular]:mapping=t
ex-text;!
Missing character: There is no ─ (U+2500) in font [lmroman10-regular]:mapping=t
ex-text;!
Missing character: There is no ─ (U+2500) in font [lmroman10-regular]:mapping=t
ex-text;!
Missing character: There is no │ (U+2502) in font [lmroman10-regular]:mapping=t
ex-text;!
Missing character: There is no │ (U+2502) in font [lmroman10-regular]:mapping=t
ex-text;!
Missing character: There is no └ (U+2514) in font [lmroman10-regular]:mapping=t
ex-text;!
Missing character: There is no ─ (U+2500) in font [lmroman10-regular]:mapping=t
ex-text;!
Missing character: There is no ─ (U+2500) in font [lmroman10-regular]:mapping=t
ex-text;!
Missing character: There is no │ (U+2502) in font [lmroman10-regular]:mapping=t
ex-text;!
Missing character: There is no ├ (U+251C) in font [lmroman10-regular]:mapping=t
ex-text;!
Missing character: There is no ─ (U+2500) in font [lmroman10-regular]:mapping=t
ex-text;!
Missing character: There is no ─ (U+2500) in font [lmroman10-regular]:mapping=t
ex-text;!
Missing character: There is no │ (U+2502) in font [lmroman10-regular]:mapping=t
ex-text;!
Missing character: There is no ├ (U+251C) in font [lmroman10-regular]:mapping=t
ex-text;!
Missing character: There is no ─ (U+2500) in font [lmroman10-regular]:mapping=t
ex-text;!
Missing character: There is no ─ (U+2500) in font [lmroman10-regular]:mapping=t
ex-text;!
Missing character: There is no │ (U+2502) in font [lmroman10-regular]:mapping=t
ex-text;!
Missing character: There is no ├ (U+251C) in font [lmroman10-regular]:mapping=t
ex-text;!
Missing character: There is no ─ (U+2500) in font [lmroman10-regular]:mapping=t
ex-text;!
Missing character: There is no ─ (U+2500) in font [lmroman10-regular]:mapping=t
ex-text;!
Missing character: There is no │ (U+2502) in font [lmroman10-regular]:mapping=t
ex-text;!
Missing character: There is no └ (U+2514) in font [lmroman10-regular]:mapping=t
ex-text;!
Missing character: There is no ─ (U+2500) in font [lmroman10-regular]:mapping=t
ex-text;!
Missing character: There is no ─ (U+2500) in font [lmroman10-regular]:mapping=t
ex-text;!
Missing character: There is no │ (U+2502) in font [lmroman10-regular]:mapping=t
ex-text;!
Missing character: There is no └ (U+2514) in font [lmroman10-regular]:mapping=t
ex-text;!
Missing character: There is no ─ (U+2500) in font [lmroman10-regular]:mapping=t
ex-text;!
Missing character: There is no ─ (U+2500) in font [lmroman10-regular]:mapping=t
ex-text;!
Missing character: There is no └ (U+2514) in font [lmroman10-regular]:mapping=t
ex-text;!
Missing character: There is no ─ (U+2500) in font [lmroman10-regular]:mapping=t
ex-text;!
Missing character: There is no ─ (U+2500) in font [lmroman10-regular]:mapping=t
ex-text;!
Missing character: There is no ├ (U+251C) in font [lmroman10-regular]:mapping=t
ex-text;!
Missing character: There is no ─ (U+2500) in font [lmroman10-regular]:mapping=t
ex-text;!
Missing character: There is no ─ (U+2500) in font [lmroman10-regular]:mapping=t
ex-text;!
Missing character: There is no ├ (U+251C) in font [lmroman10-regular]:mapping=t
ex-text;!
Missing character: There is no ─ (U+2500) in font [lmroman10-regular]:mapping=t
ex-text;!
Missing character: There is no ─ (U+2500) in font [lmroman10-regular]:mapping=t
ex-text;!
Missing character: There is no ├ (U+251C) in font [lmroman10-regular]:mapping=t
ex-text;!
Missing character: There is no ─ (U+2500) in font [lmroman10-regular]:mapping=t
ex-text;!
Missing character: There is no ─ (U+2500) in font [lmroman10-regular]:mapping=t
ex-text;!
Missing character: There is no ├ (U+251C) in font [lmroman10-regular]:mapping=t
ex-text;!
Missing character: There is no ─ (U+2500) in font [lmroman10-regular]:mapping=t
ex-text;!
Missing character: There is no ─ (U+2500) in font [lmroman10-regular]:mapping=t
ex-text;!
Missing character: There is no └ (U+2514) in font [lmroman10-regular]:mapping=t
ex-text;!
Missing character: There is no ─ (U+2500) in font [lmroman10-regular]:mapping=t
ex-text;!
Missing character: There is no ─ (U+2500) in font [lmroman10-regular]:mapping=t
ex-text;!
[8]

LaTeX Warning: Citation `zubov2021neuralpde' on page 9 undefined on input line 
443.


Overfull \hbox (18.29182pt too wide) in paragraph at lines 443--444
\TU/lmr/m/n/10.95 usually handled by different languages, in the process of \TU
/lmtt/m/n/10.95 scientific computing\TU/lmr/m/n/10.95 .
 []

[9]
Overfull \hbox (1.66219pt too wide) in paragraph at lines 452--455
[]\TU/lmtt/m/n/10.95 NeuralPDE.jl \TU/lmr/m/n/10.95 makes use of the \TU/lmtt/m
/n/10.95 Symbolics.jl \TU/lmr/m/n/10.95 and \TU/lmtt/m/n/10.95 ModelingToolkit.
jl
 []

[10]
\openout3 = `report.pyg'.

 [11]
(./_minted-report/F74AC86CB28793FB9C0C355CED5A458084ED61955AE56C5DE2F0C9A89BC20
09B.pygtex
Missing character: There is no δ (U+03B4) in font [lmmono8-regular]:!
)
\openout3 = `report.pyg'.


(./_minted-report/9FBC759BC517BFC0E3CA7EE02E87124384ED61955AE56C5DE2F0C9A89BC20
09B.pygtex
Missing character: There is no ₀ (U+2080) in font [lmmono8-regular]:!
Missing character: There is no ≤ (U+2264) in font [lmmono8-regular]:!
Missing character: There is no ≤ (U+2264) in font [lmmono8-regular]:!
)
\openout3 = `report.pyg'.


(./_minted-report/4F302B1C165393AEDD6A835384CAA3ED84ED61955AE56C5DE2F0C9A89BC20
09B.pygtex)
\openout3 = `report.pyg'.


(./_minted-report/5168A8A18C5B3234DF4CDCCFB9BF45F384ED61955AE56C5DE2F0C9A89BC20
09B.pygtex) [12]
Overfull \hbox (0.5944pt too wide) in paragraph at lines 633--638
\TU/lmr/m/n/10.95 packages to optimize the neural network approximations. \TU/l
mtt/m/n/10.95 DiffEqFlux \TU/lmr/m/n/10.95 makes
 []

\openout3 = `report.pyg'.


(./_minted-report/C257DD252EEB6274D1144B19A199A4D384ED61955AE56C5DE2F0C9A89BC20
09B.pygtex)

LaTeX Warning: Citation `kerner1993' on page 13 undefined on input line 652.

\openout3 = `report.pyg'.


(./_minted-report/9DF3763597BEA053875554203BC84B8A84ED61955AE56C5DE2F0C9A89BC20
09B.pygtex
Missing character: There is no ρ (U+03C1) in font [lmmono8-regular]:!
Missing character: There is no μ (U+03BC) in font [lmmono8-regular]:!
Missing character: There is no ₀ (U+2080) in font [lmmono8-regular]:!
Missing character: There is no τ (U+03C4) in font [lmmono8-regular]:!
Missing character: There is no ₕ (U+2095) in font [lmmono8-regular]:!
Missing character: There is no ω (U+03C9) in font [lmmono8-regular]:!
Missing character: There is no λ (U+03BB) in font [lmmono8-regular]:!
Missing character: There is no γ (U+03B3) in font [lmmono8-regular]:!
Missing character: There is no ρ (U+03C1) in font [lmmono8-regular]:!
Missing character: There is no ρ (U+03C1) in font [lmmono8-regular]:!
Missing character: There is no μ (U+03BC) in font [lmmono8-regular]:!
Missing character: There is no τ (U+03C4) in font [lmmono8-regular]:!
Missing character: There is no μ (U+03BC) in font [lmmono8-regular]:!
Missing character: There is no τ (U+03C4) in font [lmmono8-regular]:!
Missing character: There is no ρ (U+03C1) in font [lmmono8-regular]:!
Missing character: There is no ρ (U+03C1) in font [lmmono8-regular]:!
Missing character: There is no ₕ (U+2095) in font [lmmono8-regular]:!
Missing character: There is no ρ (U+03C1) in font [lmmono8-regular]:!
Missing character: There is no ₕ (U+2095) in font [lmmono8-regular]:!
Missing character: There is no δ (U+03B4) in font [lmmono8-regular]:!
Missing character: There is no ρ (U+03C1) in font [lmmono8-regular]:!
Missing character: There is no ₀ (U+2080) in font [lmmono8-regular]:!
Missing character: There is no δ (U+03B4) in font [lmmono8-regular]:!
Missing character: There is no ₀ (U+2080) in font [lmmono8-regular]:!
Missing character: There is no ₕ (U+2095) in font [lmmono8-regular]:!
Missing character: There is no ρ (U+03C1) in font [lmmono8-regular]:!
Missing character: There is no ₕ (U+2095) in font [lmmono8-regular]:!
Missing character: There is no ρ (U+03C1) in font [lmmono8-regular]:!
Missing character: There is no ρ (U+03C1) in font [lmmono8-regular]:!
Missing character: There is no ρ (U+03C1) in font [lmmono8-regular]:!
Missing character: There is no ₕ (U+2095) in font [lmmono8-regular]:!
Missing character: There is no π (U+03C0) in font [lmmono8-regular]:!
Missing character: There is no ₀ (U+2080) in font [lmmono8-regular]:!
Missing character: There is no δ (U+03B4) in font [lmmono8-regular]:!
Missing character: There is no ρ (U+03C1) in font [lmmono8-regular]:!
Missing character: There is no ₛ (U+209B) in font [lmmono8-regular]:!
Missing character: There is no δ (U+03B4) in font [lmmono8-regular]:!
Missing character: There is no ρ (U+03C1) in font [lmmono8-regular]:!
Missing character: There is no ₀ (U+2080) in font [lmmono8-regular]:!
Missing character: There is no λ (U+03BB) in font [lmmono8-regular]:!
Missing character: There is no ₀ (U+2080) in font [lmmono8-regular]:!
Missing character: There is no ω (U+03C9) in font [lmmono8-regular]:!
Missing character: There is no ₕ (U+2095) in font [lmmono8-regular]:!
Missing character: There is no ₀ (U+2080) in font [lmmono8-regular]:!
Missing character: There is no γ (U+03B3) in font [lmmono8-regular]:!
Missing character: There is no λ (U+03BB) in font [lmmono8-regular]:!
Missing character: There is no ω (U+03C9) in font [lmmono8-regular]:!
Missing character: There is no δ (U+03B4) in font [lmmono8-regular]:!
Missing character: There is no ρ (U+03C1) in font [lmmono8-regular]:!
Missing character: There is no δ (U+03B4) in font [lmmono8-regular]:!
Missing character: There is no ρ (U+03C1) in font [lmmono8-regular]:!
Missing character: There is no ₀ (U+2080) in font [lmmono8-regular]:!
Missing character: There is no γ (U+03B3) in font [lmmono8-regular]:!
Missing character: There is no δ (U+03B4) in font [lmmono8-regular]:!
Missing character: There is no δ (U+03B4) in font [lmmono8-regular]:!
Missing character: There is no ₀ (U+2080) in font [lmmono8-regular]:!
Missing character: There is no γ (U+03B3) in font [lmmono8-regular]:!
Missing character: There is no δ (U+03B4) in font [lmmono8-regular]:!
Missing character: There is no ρ (U+03C1) in font [lmmono8-regular]:!
Missing character: There is no ᵣ (U+1D63) in font [lmmono8-regular]:!
Missing character: There is no δ (U+03B4) in font [lmmono8-regular]:!
Missing character: There is no ρ (U+03C1) in font [lmmono8-regular]:!
Missing character: There is no ₀ (U+2080) in font [lmmono8-regular]:!
Missing character: There is no ω (U+03C9) in font [lmmono8-regular]:!
Missing character: There is no λ (U+03BB) in font [lmmono8-regular]:!
Missing character: There is no δ (U+03B4) in font [lmmono8-regular]:!
Missing character: There is no ᵣ (U+1D63) in font [lmmono8-regular]:!
Missing character: There is no δ (U+03B4) in font [lmmono8-regular]:!
Missing character: There is no ₀ (U+2080) in font [lmmono8-regular]:!
Missing character: There is no ω (U+03C9) in font [lmmono8-regular]:!
Missing character: There is no λ (U+03BB) in font [lmmono8-regular]:!
Missing character: There is no μ (U+03BC) in font [lmmono8-regular]:!
Missing character: There is no ρ (U+03C1) in font [lmmono8-regular]:!
Missing character: There is no ₀ (U+2080) in font [lmmono8-regular]:!
Missing character: There is no ρ (U+03C1) in font [lmmono8-regular]:!
Missing character: There is no ρ (U+03C1) in font [lmmono8-regular]:!
Missing character: There is no ρ (U+03C1) in font [lmmono8-regular]:!
Missing character: There is no τ (U+03C4) in font [lmmono8-regular]:!
Missing character: There is no ρ (U+03C1) in font [lmmono8-regular]:!
Missing character: There is no ρ (U+03C1) in font [lmmono8-regular]:!
Missing character: There is no ρ (U+03C1) in font [lmmono8-regular]:!
Missing character: There is no ρ (U+03C1) in font [lmmono8-regular]:!
Missing character: There is no ρ (U+03C1) in font [lmmono8-regular]:!
Missing character: There is no ρ (U+03C1) in font [lmmono8-regular]:!
Missing character: There is no ₕ (U+2095) in font [lmmono8-regular]:!
Missing character: There is no δ (U+03B4) in font [lmmono8-regular]:!
Missing character: There is no ρ (U+03C1) in font [lmmono8-regular]:!
Missing character: There is no ᵣ (U+1D63) in font [lmmono8-regular]:!
Missing character: There is no ₕ (U+2095) in font [lmmono8-regular]:!
Missing character: There is no δ (U+03B4) in font [lmmono8-regular]:!
Missing character: There is no ᵣ (U+1D63) in font [lmmono8-regular]:!
Missing character: There is no ∈ (U+2208) in font [lmmono8-regular]:!
Missing character: There is no ∈ (U+2208) in font [lmmono8-regular]:!
) [13] [14]
\openout3 = `report.pyg'.


(./_minted-report/0FB7A6D61672D87FE6C90BC5F7C062BD84ED61955AE56C5DE2F0C9A89BC20
09B.pygtex
Missing character: There is no σ (U+03C3) in font [lmmono8-regular]:!
Missing character: There is no σ (U+03C3) in font [lmmono8-regular]:!
Missing character: There is no θ (U+03B8) in font [lmmono8-regular]:!
Missing character: There is no θ (U+03B8) in font [lmmono8-regular]:!
Missing character: There is no ρ (U+03C1) in font [lmmono8-regular]:!
)
\openout3 = `report.pyg'.


(./_minted-report/AF07686F0D6D4CC65ABADDD19D4CFD7684ED61955AE56C5DE2F0C9A89BC20
09B.pygtex
Missing character: There is no θ (U+03B8) in font [lmmono8-regular]:!
)
\openout3 = `report.pyg'.


(./_minted-report/BE159C99D06B34A648EB6D1169E61A8084ED61955AE56C5DE2F0C9A89BC20
09B.pygtex) [15]
\openout3 = `report.pyg'.


(./_minted-report/7CF66AE948E003BC5A6F7CBB84A7730784ED61955AE56C5DE2F0C9A89BC20
09B.pygtex)

LaTeX Warning: File `Resources/img/sol_variable_corrected_bcs31.png' not found 
on input line 815.

./report.tex:815: Unable to load picture or PDF file 'Resources/img/sol_variabl
e_corrected_bcs31.png'.
<to be read again> 
                   }
l.815 ...ces/img/sol_variable_corrected_bcs31.png}
                                                  
The requested image couldn't be read because
it was not a recognized image format.


./report.tex:815: Package graphics Error: Division by 0.

See the graphics package documentation for explanation.
Type  H <return>  for immediate help.
 ...                                              
                                                  
l.815 ...ces/img/sol_variable_corrected_bcs31.png}
                                                  
Your command was ignored.
Type  I <command> <return>  to replace it with another command,
or  <return>  to continue without it.

File: Resources/img/sol_variable_corrected_bcs31.png Graphic file (type bmp)
<Resources/img/sol_variable_corrected_bcs31.png>

LaTeX Warning: File `Resources/img/sol_variable_corrected_bcs32.png' not found 
on input line 816.

./report.tex:816: Unable to load picture or PDF file 'Resources/img/sol_variabl
e_corrected_bcs32.png'.
<to be read again> 
                   }
l.816 ...ces/img/sol_variable_corrected_bcs32.png}
                                                  
The requested image couldn't be read because
it was not a recognized image format.


./report.tex:816: Package graphics Error: Division by 0.

See the graphics package documentation for explanation.
Type  H <return>  for immediate help.
 ...                                              
                                                  
l.816 ...ces/img/sol_variable_corrected_bcs32.png}
                                                  
Your command was ignored.
Type  I <command> <return>  to replace it with another command,
or  <return>  to continue without it.

File: Resources/img/sol_variable_corrected_bcs32.png Graphic file (type bmp)
<Resources/img/sol_variable_corrected_bcs32.png>
[16]

LaTeX Warning: Citation `kerner1993' on page 17 undefined on input line 823.


LaTeX Warning: Citation `kerner1993' on page 17 undefined on input line 823.


LaTeX Warning: File `Resources/img/kerner.png' not found on input line 824.

./report.tex:824: Unable to load picture or PDF file 'Resources/img/kerner.png'
.
<to be read again> 
                   }
l.824 ...=0.4\linewidth]{Resources/img/kerner.png}
                                                  
The requested image couldn't be read because
it was not a recognized image format.


./report.tex:824: Package graphics Error: Division by 0.

See the graphics package documentation for explanation.
Type  H <return>  for immediate help.
 ...                                              
                                                  
l.824 ...=0.4\linewidth]{Resources/img/kerner.png}
                                                  
Your command was ignored.
Type  I <command> <return>  to replace it with another command,
or  <return>  to continue without it.

File: Resources/img/kerner.png Graphic file (type bmp)
<Resources/img/kerner.png>

LaTeX Warning: File `Resources/img/Kerner-3d-1.jpeg' not found on input line 83
4.

./report.tex:834: Unable to load picture or PDF file 'Resources/img/Kerner-3d-1
.jpeg'.
<to be read again> 
                   }
l.834 ...inewidth]{Resources/img/Kerner-3d-1.jpeg}
                                                  
The requested image couldn't be read because
it was not a recognized image format.


./report.tex:834: Package graphics Error: Division by 0.

See the graphics package documentation for explanation.
Type  H <return>  for immediate help.
 ...                                              
                                                  
l.834 ...inewidth]{Resources/img/Kerner-3d-1.jpeg}
                                                  
Your command was ignored.
Type  I <command> <return>  to replace it with another command,
or  <return>  to continue without it.

File: Resources/img/Kerner-3d-1.jpeg Graphic file (type bmp)
<Resources/img/Kerner-3d-1.jpeg>
./report.tex:835: Undefined control sequence.
<recently read> \legend 
                        
l.835   \\ \legend
                  {Source: The authors}
The control sequence at the end of the top line
of your error message was never \def'ed. If you have
misspelled it (e.g., `\hobx'), type `I' and the correct
spelling (e.g., `I\hbox'). Otherwise just continue,
and I'll forget about whatever was undefined.

[17

]

LaTeX Warning: File `Resources/img/Kerner-3d-1.jpeg' not found on input line 84
2.


./report.tex:842: Package graphics Error: Division by 0.

See the graphics package documentation for explanation.
Type  H <return>  for immediate help.
 ...                                              
                                                  
l.842 ...inewidth]{Resources/img/Kerner-3d-1.jpeg}
                                                  
Your command was ignored.
Type  I <command> <return>  to replace it with another command,
or  <return>  to continue without it.

File: Resources/img/Kerner-3d-1.jpeg Graphic file (type bmp)
<Resources/img/Kerner-3d-1.jpeg>
./report.tex:843: Undefined control sequence.
<recently read> \legend 
                        
l.843   \\ \legend
                  {Source: The authors}
The control sequence at the end of the top line
of your error message was never \def'ed. If you have
misspelled it (e.g., `\hobx'), type `I' and the correct
spelling (e.g., `I\hbox'). Otherwise just continue,
and I'll forget about whatever was undefined.

[18

]

LaTeX Warning: File `Resources/img/kerner.png' not found on input line 850.


./report.tex:850: Package graphics Error: Division by 0.

See the graphics package documentation for explanation.
Type  H <return>  for immediate help.
 ...                                              
                                                  
l.850 ...=0.4\linewidth]{Resources/img/kerner.png}
                                                  
Your command was ignored.
Type  I <command> <return>  to replace it with another command,
or  <return>  to continue without it.

File: Resources/img/kerner.png Graphic file (type bmp)
<Resources/img/kerner.png>
./report.tex:851: Undefined control sequence.
<recent